2025-07-14 17:42:27,316 - INFO - ingesting customers.csv in database
2025-07-14 17:42:27,749 - INFO - ingesting orders.csv in database
2025-07-14 17:42:28,085 - INFO - ingesting order_items.csv in database
2025-07-14 17:42:28,609 - INFO - ingesting payment.csv in database
2025-07-14 17:42:28,972 - INFO - ingesting products.csv in database
2025-07-14 17:42:29,049 - INFO - ingesting reviews.csv in database
2025-07-14 17:42:29,124 - INFO - ingesting shipments.csv in database
2025-07-14 17:42:29,650 - INFO - ingesting suppliers.csv in database
2025-07-14 17:42:29,689 - INFO - Ingestion complete in 2.3925888538360596 seconds
2025-07-20 17:25:59,727 - INFO - ingesting customers.csv in database
2025-07-20 17:26:00,384 - INFO - ingesting orders.csv in database
2025-07-20 17:26:00,925 - INFO - ingesting order_items.csv in database
2025-07-20 17:26:01,642 - INFO - ingesting payment.csv in database
2025-07-20 17:26:02,215 - INFO - ingesting products.csv in database
2025-07-20 17:26:02,339 - INFO - ingesting reviews.csv in database
2025-07-20 17:26:02,461 - INFO - ingesting shipments.csv in database
2025-07-20 17:26:03,312 - INFO - ingesting suppliers.csv in database
2025-07-20 17:26:03,368 - INFO - Ingestion complete in 3.69463849067688 seconds
2025-07-20 17:26:09,026 - INFO - ingesting customers.csv in database
2025-07-20 17:26:09,717 - INFO - ingesting orders.csv in database
2025-07-20 17:26:10,281 - INFO - ingesting order_items.csv in database
2025-07-20 17:26:10,955 - INFO - ingesting payment.csv in database
2025-07-20 17:26:11,518 - INFO - ingesting products.csv in database
2025-07-20 17:26:11,642 - INFO - ingesting reviews.csv in database
2025-07-20 17:26:11,773 - INFO - ingesting shipments.csv in database
2025-07-20 17:26:12,476 - INFO - ingesting suppliers.csv in database
2025-07-20 17:26:12,541 - INFO - Ingestion complete in 3.5344574451446533 seconds
2025-07-20 17:27:06,774 - INFO - ---getting summary table---
2025-07-20 17:27:07,842 - INFO -    customer_id  PricePaidPerCustomer  SumPriceAtPayment  product_id  \
0         9077              13151.44            2360.30        1577   
1         1577               6664.96            1565.64        1577   
2         7577               6232.40             740.70        1577   
3           77               8589.38            1513.26        1577   
4         4577               3574.26               8.32        1577   

   supplier_id  avg_rating  AvgItemPriceAtPurchase  order_item_id  \
0          577         2.0                  999.54           5618   
1          577         2.0                  999.54           5618   
2          577         2.0                  999.54           5618   
3          577         2.0                  999.54           5618   
4          577         2.0                  999.54           5618   

   TotalQuantity product_name     category  ProductPrice  
0            4.0  Smart Watch  Electronics        286.12  
1            4.0  Smart Watch  Electronics        286.12  
2            4.0  Smart Watch  Electronics        286.12  
3            4.0  Smart Watch  Electronics        286.12  
4            4.0  Smart Watch  Electronics        286.12  
2025-07-20 17:27:07,850 - INFO - ---Ingestion started---
2025-07-20 17:27:30,621 - INFO - ingesting customers.csv in database
2025-07-20 17:27:31,210 - INFO - ingesting orders.csv in database
2025-07-20 17:27:31,857 - INFO - ingesting order_items.csv in database
2025-07-20 17:27:32,630 - INFO - ingesting payment.csv in database
2025-07-20 17:27:33,316 - INFO - ingesting products.csv in database
2025-07-20 17:27:33,444 - INFO - ingesting reviews.csv in database
2025-07-20 17:27:33,564 - INFO - ingesting shipments.csv in database
2025-07-20 17:27:34,372 - INFO - ingesting suppliers.csv in database
2025-07-20 17:27:34,423 - INFO - Ingestion complete in 3.8243165016174316 seconds
2025-07-20 17:28:28,056 - INFO - ---getting summary table---
2025-07-20 17:28:28,915 - INFO -    customer_id  PricePaidPerCustomer  SumPriceAtPayment  product_id  \
0         9077              13151.44            2360.30        1577   
1         1577               6664.96            1565.64        1577   
2         7577               6232.40             740.70        1577   
3           77               8589.38            1513.26        1577   
4         4577               3574.26               8.32        1577   

   supplier_id  avg_rating  AvgItemPriceAtPurchase  order_item_id  \
0          577         2.0                  999.54           5618   
1          577         2.0                  999.54           5618   
2          577         2.0                  999.54           5618   
3          577         2.0                  999.54           5618   
4          577         2.0                  999.54           5618   

   TotalQuantity product_name     category  ProductPrice  
0            4.0  Smart Watch  Electronics        286.12  
1            4.0  Smart Watch  Electronics        286.12  
2            4.0  Smart Watch  Electronics        286.12  
3            4.0  Smart Watch  Electronics        286.12  
4            4.0  Smart Watch  Electronics        286.12  
2025-07-20 17:28:28,921 - INFO - ---Ingestion started---
2025-07-20 17:29:49,789 - INFO - ---getting summary table---
2025-07-20 17:29:50,695 - INFO -    customer_id  PricePaidPerCustomer  SumPriceAtPayment  product_id  \
0         9077              13151.44            2360.30        1577   
1         1577               6664.96            1565.64        1577   
2         7577               6232.40             740.70        1577   
3           77               8589.38            1513.26        1577   
4         4577               3574.26               8.32        1577   

   supplier_id  avg_rating  AvgItemPriceAtPurchase  order_item_id  \
0          577         2.0                  999.54           5618   
1          577         2.0                  999.54           5618   
2          577         2.0                  999.54           5618   
3          577         2.0                  999.54           5618   
4          577         2.0                  999.54           5618   

   TotalQuantity product_name     category  ProductPrice  
0            4.0  Smart Watch  Electronics        286.12  
1            4.0  Smart Watch  Electronics        286.12  
2            4.0  Smart Watch  Electronics        286.12  
3            4.0  Smart Watch  Electronics        286.12  
4            4.0  Smart Watch  Electronics        286.12  
2025-07-20 17:29:50,708 - INFO - ---Ingestion started---
2025-07-20 17:53:39,978 - INFO - ---getting summary table---
2025-07-20 17:53:40,816 - INFO -    customer_id  PricePaidPerCustomer  SumPriceAtPayment  product_id  \
0         9077              13151.44            2360.30        1577   
1         1577               6664.96            1565.64        1577   
2         7577               6232.40             740.70        1577   
3           77               8589.38            1513.26        1577   
4         4577               3574.26               8.32        1577   

   supplier_id  avg_rating  AvgItemPriceAtPurchase  order_item_id  \
0          577         2.0                  999.54           5618   
1          577         2.0                  999.54           5618   
2          577         2.0                  999.54           5618   
3          577         2.0                  999.54           5618   
4          577         2.0                  999.54           5618   

   TotalQuantity product_name     category  ProductPrice  
0            4.0  Smart Watch  Electronics        286.12  
1            4.0  Smart Watch  Electronics        286.12  
2            4.0  Smart Watch  Electronics        286.12  
3            4.0  Smart Watch  Electronics        286.12  
4            4.0  Smart Watch  Electronics        286.12  
2025-07-20 17:53:40,821 - INFO - ---Ingestion started---
2025-07-20 17:53:41,756 - INFO - ingestion complete
2025-07-20 17:53:46,392 - INFO - ---getting summary table---
2025-07-20 17:53:47,326 - INFO -    customer_id  PricePaidPerCustomer  SumPriceAtPayment  product_id  \
0         9077              13151.44            2360.30        1577   
1         1577               6664.96            1565.64        1577   
2         7577               6232.40             740.70        1577   
3           77               8589.38            1513.26        1577   
4         4577               3574.26               8.32        1577   

   supplier_id  avg_rating  AvgItemPriceAtPurchase  order_item_id  \
0          577         2.0                  999.54           5618   
1          577         2.0                  999.54           5618   
2          577         2.0                  999.54           5618   
3          577         2.0                  999.54           5618   
4          577         2.0                  999.54           5618   

   TotalQuantity product_name     category  ProductPrice  
0            4.0  Smart Watch  Electronics        286.12  
1            4.0  Smart Watch  Electronics        286.12  
2            4.0  Smart Watch  Electronics        286.12  
3            4.0  Smart Watch  Electronics        286.12  
4            4.0  Smart Watch  Electronics        286.12  
2025-07-20 17:53:47,334 - INFO - ---Ingestion started---
2025-07-20 17:53:48,341 - INFO - ingestion complete
2025-07-20 17:54:28,624 - INFO - ---getting summary table---
2025-07-20 17:54:29,640 - INFO -    customer_id  PricePaidPerCustomer  SumPriceAtPayment  product_id  \
0         9077              13151.44            2360.30        1577   
1         1577               6664.96            1565.64        1577   
2         7577               6232.40             740.70        1577   
3           77               8589.38            1513.26        1577   
4         4577               3574.26               8.32        1577   

   supplier_id  avg_rating  AvgItemPriceAtPurchase  order_item_id  \
0          577         2.0                  999.54           5618   
1          577         2.0                  999.54           5618   
2          577         2.0                  999.54           5618   
3          577         2.0                  999.54           5618   
4          577         2.0                  999.54           5618   

   TotalQuantity product_name     category  ProductPrice  
0            4.0  Smart Watch  Electronics        286.12  
1            4.0  Smart Watch  Electronics        286.12  
2            4.0  Smart Watch  Electronics        286.12  
3            4.0  Smart Watch  Electronics        286.12  
4            4.0  Smart Watch  Electronics        286.12  
2025-07-20 17:54:29,649 - INFO - ---Ingestion started---
2025-07-20 17:54:30,553 - INFO - ingestion complete
2025-07-20 17:55:28,572 - INFO - ---getting summary table---
2025-07-20 17:55:29,408 - INFO -    customer_id  PricePaidPerCustomer  SumPriceAtPayment  product_id  \
0         9077              13151.44            2360.30        1577   
1         1577               6664.96            1565.64        1577   
2         7577               6232.40             740.70        1577   
3           77               8589.38            1513.26        1577   
4         4577               3574.26               8.32        1577   

   supplier_id  avg_rating  AvgItemPriceAtPurchase  order_item_id  \
0          577         2.0                  999.54           5618   
1          577         2.0                  999.54           5618   
2          577         2.0                  999.54           5618   
3          577         2.0                  999.54           5618   
4          577         2.0                  999.54           5618   

   TotalQuantity product_name     category  ProductPrice  
0            4.0  Smart Watch  Electronics        286.12  
1            4.0  Smart Watch  Electronics        286.12  
2            4.0  Smart Watch  Electronics        286.12  
3            4.0  Smart Watch  Electronics        286.12  
4            4.0  Smart Watch  Electronics        286.12  
2025-07-20 17:55:29,414 - INFO - ---Ingestion started---
2025-07-20 17:55:30,212 - INFO - ingestion complete
2025-07-20 17:57:28,144 - INFO - ---getting summary table---
2025-07-20 17:57:28,685 - INFO -    customer_id  PricePaidPerCustomer  SumPriceAtPayment  product_id  \
0         9077              13151.44            2360.30        1577   
1         1577               6664.96            1565.64        1577   
2         7577               6232.40             740.70        1577   
3           77               8589.38            1513.26        1577   
4         4577               3574.26               8.32        1577   

   supplier_id  avg_rating  AvgItemPriceAtPurchase  order_item_id  \
0          577         2.0                  999.54           5618   
1          577         2.0                  999.54           5618   
2          577         2.0                  999.54           5618   
3          577         2.0                  999.54           5618   
4          577         2.0                  999.54           5618   

   TotalQuantity product_name     category  ProductPrice  
0            4.0  Smart Watch  Electronics        286.12  
1            4.0  Smart Watch  Electronics        286.12  
2            4.0  Smart Watch  Electronics        286.12  
3            4.0  Smart Watch  Electronics        286.12  
4            4.0  Smart Watch  Electronics        286.12  
2025-07-20 17:57:28,690 - INFO - ---Ingestion started---
2025-07-20 17:57:29,691 - INFO - ingestion complete
